[01:09:14] [ServerMain/INFO]: [bootstrap] Running Java 21 (OpenJDK 64-Bit Server VM 21.0.5+11-Ubuntu-1ubuntu120.04; Ubuntu null) on Linux 6.5.0-1025-azure (amd64)
[01:09:14] [ServerMain/INFO]: [bootstrap] Loading Paper 1.21.1-57-master@b483da4 (2024-09-01T18:09:05Z) for Minecraft 1.21.1
[01:09:14] [ServerMain/INFO]: [PluginInitializerManager] Initializing plugins...
[01:09:15] [Paper Plugin Remapper Thread - 2/INFO]: [PluginRemapper] Remapping plugin 'plugins/EterniumCore-1.0.0-b1.jar'...
[01:09:15] [Paper Plugin Remapper Thread - 2/INFO]: [PluginRemapper] Done remapping plugin 'plugins/EterniumCore-1.0.0-b1.jar' in 636ms.
[01:09:16] [ServerMain/INFO]: [PluginInitializerManager] Initialized 13 plugins
[01:09:16] [ServerMain/INFO]: [PluginInitializerManager] Bukkit plugins (13):
 - EterniumCore (1.0.0-b1), LuckPerms (5.4.146), Multiverse-Core (4.3.1-b861), NBTAPI (2.14.1), NametagEdit (4.5.24), PlaceholderAPI (2.11.6), PlugManX (2.4.1), PluginManager (2.8.1), ProtocolLib (5.3.0), Vault (1.7.3-b131), ViaBackwards (5.1.1), ViaRewind (4.0.3), ViaVersion (5.1.1)
[01:09:20] [ServerMain/INFO]: Environment: Environment[sessionHost=https://sessionserver.mojang.com, servicesHost=https://api.minecraftservices.com, name=PROD]
[01:09:22] [ServerMain/INFO]: Loaded 1290 recipes
[01:09:22] [ServerMain/INFO]: Loaded 1399 advancements
[01:09:22] [Server thread/INFO]: Starting minecraft server version 1.21.1
[01:09:22] [Server thread/INFO]: Loading properties
[01:09:22] [Server thread/INFO]: This server is running Paper version 1.21.1-57-master@b483da4 (2024-09-01T18:09:05Z) (Implementing API version 1.21.1-R0.1-SNAPSHOT)
[01:09:23] [Server thread/INFO]: [spark] This server bundles the spark profiler. For more information please visit https://docs.papermc.io/paper/profiling
[01:09:23] [Server thread/INFO]: Server Ping Player Sample Count: 12
[01:09:23] [Server thread/INFO]: Using 4 threads for Netty based IO
[01:09:24] [Server thread/INFO]: [ChunkTaskScheduler] Chunk system is using 1 I/O threads, 1 worker threads, and population gen parallelism of 1 threads
[01:09:24] [Server thread/INFO]: Default game type: SURVIVAL
[01:09:24] [Server thread/INFO]: Generating keypair
[01:09:24] [Server thread/INFO]: Starting Minecraft server on *:25565
[01:09:24] [Server thread/INFO]: Using epoll channel type
[01:09:24] [Server thread/INFO]: Paper: Using libdeflate (Linux x86_64) compression from Velocity.
[01:09:24] [Server thread/INFO]: Paper: Using OpenSSL 1.1.x (Linux x86_64) cipher from Velocity.
[01:09:26] [Server thread/INFO]: [ViaVersion] Loading server plugin ViaVersion v5.1.1
[01:09:26] [Server thread/INFO]: [ViaVersion] ViaVersion 5.1.1 is now loaded. Registering protocol transformers and injecting...
[01:09:27] [Via-Mappingloader-0/INFO]: [ViaVersion] Loading block connection mappings ...
[01:09:28] [Via-Mappingloader-0/INFO]: [ViaVersion] Using FastUtil Long2ObjectOpenHashMap for block connections
[01:09:29] [Server thread/INFO]: [ViaBackwards] Loading translations...
[01:09:29] [Server thread/INFO]: [ViaBackwards] Registering protocols...
[01:09:30] [Server thread/INFO]: [ViaRewind] Registering protocols...
[01:09:30] [Server thread/INFO]: [LuckPerms] Loading server plugin LuckPerms v5.4.146
[01:09:30] [Server thread/INFO]: [PlaceholderAPI] Loading server plugin PlaceholderAPI v2.11.6
[01:09:30] [Server thread/INFO]: [Vault] Loading server plugin Vault v1.7.3-b131
[01:09:30] [Server thread/INFO]: [NametagEdit] Loading server plugin NametagEdit v4.5.24
[01:09:30] [Server thread/INFO]: [ViaBackwards] Loading server plugin ViaBackwards v5.1.1
[01:09:30] [Server thread/INFO]: [EC] Loading server plugin EterniumCore v1.0.0-b1
[01:09:30] [Server thread/INFO]: [Multiverse-Core] Loading server plugin Multiverse-Core v4.3.1-b861
[01:09:30] [Server thread/INFO]: [PluginManager] Loading server plugin PluginManager v2.8.1
[01:09:30] [Server thread/INFO]: [PlugManX] Loading server plugin PlugManX v2.4.1
[01:09:30] [Server thread/INFO]: [ViaRewind] Loading server plugin ViaRewind v4.0.3
[01:09:30] [Server thread/INFO]: [ProtocolLib] Loading server plugin ProtocolLib v5.3.0
[01:09:31] [Server thread/INFO]: [NBTAPI] Loading server plugin NBTAPI v2.14.1
[01:09:31] [Server thread/INFO]: [NBTAPI] [NBTAPI] Found Minecraft: 1.21.1! Trying to find NMS support
[01:09:31] [Server thread/INFO]: [NBTAPI] [NBTAPI] NMS support 'MC1_21_R1' loaded!
[01:09:31] [Server thread/INFO]: [NBTAPI] [NBTAPI] Using the plugin 'NBTAPI' to create a bStats instance!
[01:09:31] [Server thread/INFO]: Server permissions file permissions.yml is empty, ignoring it
[01:09:31] [Server thread/INFO]: [LuckPerms] Enabling LuckPerms v5.4.146
[01:09:31] [Thread-6/INFO]: [NBTAPI] [NBTAPI] The NBT-API seems to be up-to-date!
[01:09:32] [Server thread/INFO]:         __    
[01:09:32] [Server thread/INFO]:   |    |__)   LuckPerms v5.4.146
[01:09:32] [Server thread/INFO]:   |___ |      Running on Bukkit - Paper
[01:09:32] [Server thread/INFO]: 
[01:09:32] [Server thread/INFO]: [LuckPerms] Loading configuration...
[01:09:32] [Server thread/INFO]: [LuckPerms] Loading storage provider... [H2]
[01:09:32] [Server thread/INFO]: [LuckPerms] Loading internal permission managers...
[01:09:32] [Server thread/INFO]: [LuckPerms] Performing initial data load...
[01:09:32] [Server thread/INFO]: [LuckPerms] Successfully enabled. (took 1115ms)
[01:09:32] [Server thread/INFO]: [Vault] Enabling Vault v1.7.3-b131
[01:09:33] [Server thread/INFO]: [Vault] [Permission] SuperPermissions loaded as backup permission system.
[01:09:33] [Server thread/INFO]: [Vault] Enabled Version 1.7.3-b131
[01:09:33] [Server thread/INFO]: [LuckPerms] Registered Vault permission & chat hook.
[01:09:33] [Server thread/INFO]: [PlugManX] Enabling PlugManX v2.4.1
[01:09:33] [Server thread/WARN]: [PlugManX] ~~~~~~~~~~~~~~~~~~~~~~~~~~~~~~~~~~~~~~~~~~~~~~~~~~~~~~~~~~~~~~~~~~~~~~
[01:09:33] [Server thread/WARN]: [PlugManX] It seems like you're running on paper.
[01:09:33] [Server thread/WARN]: [PlugManX] PlugManX cannot interact with paper-plugins, yet.
[01:09:33] [Server thread/WARN]: [PlugManX] Also, if you encounter any issues, please join my discord: https://discord.gg/GxEFhVY6ff
[01:09:33] [Server thread/WARN]: [PlugManX] Or create an issue on GitHub: https://github.com/TheBlackEntity/PlugMan
[01:09:33] [Server thread/WARN]: [PlugManX] ~~~~~~~~~~~~~~~~~~~~~~~~~~~~~~~~~~~~~~~~~~~~~~~~~~~~~~~~~~~~~~~~~~~~~~
[01:09:33] [Server thread/INFO]: [ViaRewind] Enabling ViaRewind v4.0.3
[01:09:33] [Server thread/INFO]: [ProtocolLib] Enabling ProtocolLib v5.3.0
[01:09:33] [Server thread/WARN]: **** SERVER IS RUNNING IN OFFLINE/INSECURE MODE!
[01:09:33] [Server thread/WARN]: The server will make no attempt to authenticate usernames. Beware.
[01:09:33] [Server thread/WARN]: While this makes the game possible to play without internet access, it also opens up the ability for hackers to connect with any username they choose.
[01:09:33] [Server thread/WARN]: To change this, set "online-mode" to "true" in the server.properties file.
[01:09:33] [Server thread/INFO]: Preparing level "world"
[01:09:33] [Server thread/INFO]: Preparing start region for dimension minecraft:overworld
[01:09:34] [Server thread/INFO]: Time elapsed: 1086 ms
[01:09:34] [Server thread/INFO]: Preparing start region for dimension minecraft:the_nether
[01:09:35] [Server thread/INFO]: Time elapsed: 238 ms
[01:09:35] [Server thread/INFO]: Preparing start region for dimension minecraft:the_end
[01:09:35] [Server thread/INFO]: Time elapsed: 153 ms
[01:09:35] [Server thread/INFO]: [ViaVersion] Enabling ViaVersion v5.1.1
[01:09:35] [Server thread/INFO]: [ViaVersion] ViaVersion detected server version: 1.21-1.21.1 (767)
[01:09:35] [Server thread/INFO]: [PlaceholderAPI] Enabling PlaceholderAPI v2.11.6
[01:09:35] [Server thread/INFO]: [PlaceholderAPI] Fetching available expansion information...
[01:09:35] [Server thread/INFO]: [NametagEdit] Enabling NametagEdit v4.5.24
[01:09:35] [Server thread/INFO]: [NametagEdit] Successfully loaded using bukkit version: v1_21_1
[01:09:35] [Server thread/INFO]: [NametagEdit] Found LuckPerms! Hooking in.
[01:09:35] [Server thread/INFO]: [ViaBackwards] Enabling ViaBackwards v5.1.1
[01:09:36] [Server thread/INFO]: [EC] Enabling EterniumCore v1.0.0-b1
[01:09:36] [Server thread/INFO]: [PlaceholderAPI] Successfully registered internal expansion: ec [1.0.0-b1]
[01:09:36] [Server thread/INFO]: [EC] [●] Database disabled
[01:09:36] [Server thread/INFO]: [EC] [✔] LuckPerms found!
[01:09:36] [Server thread/INFO]: [EC] [✔] PlaceholderAPI found!
[01:09:36] [Server thread/INFO]: [EC] [✔] ProtocolLib found!
[01:09:36] [Server thread/INFO]: [EC] [✔] Vault found!
[01:09:36] [Server thread/INFO]: [EC]
[01:09:36] [Server thread/INFO]: [EC] [✔] Modules activated on correctly!
[01:09:36] [Server thread/INFO]: [EC] [✔] Economy started correctly!
[01:09:36] [Server thread/INFO]: [EC]
[01:09:36] [Server thread/INFO]: [EC] ███████╗ █████╗  █████╗ ██████╗ ███████╗
[01:09:36] [Server thread/INFO]: [EC] ██╔════╝██╔══██╗██╔══██╗██╔══██╗██╔════╝
[01:09:36] [Server thread/INFO]: [EC] █████╗  ██║  ╚═╝██║  ██║██████╔╝█████╗
[01:09:36] [Server thread/INFO]: [EC] ██╔══╝  ██║  ██╗██║  ██║██╔══██╗██╔══╝
[01:09:36] [Server thread/INFO]: [EC] ███████╗╚█████╔╝╚█████╔╝██║  ██║███████╗
[01:09:36] [Server thread/INFO]: [EC] ╚══════╝ ╚════╝  ╚════╝ ╚═╝  ╚═╝╚══════╝
[01:09:36] [Server thread/INFO]: [EC] (It has been activated successfully!)
[01:09:36] [Server thread/INFO]: [EC]
[01:09:36] [Server thread/INFO]: [EC] » Version: 1.0.0-b1
[01:09:36] [Server thread/INFO]: [EC] » Developers: [Zxmass, SxbxsMC, CheastOG]
[01:09:36] [Server thread/INFO]: [EC] » Powered by: Eternium Studios
[01:09:36] [Server thread/INFO]: [EC]
[01:09:36] [Server thread/INFO]: [Multiverse-Core] Enabling Multiverse-Core v4.3.1-b861
[01:09:36] [Server thread/WARN]: [Multiverse-Core] "Multiverse-Core v4.3.1-b861" has registered a listener for org.bukkit.event.entity.EntityCreatePortalEvent on method "public void com.onarandombox.MultiverseCore.listeners.MVPortalListener.entityPortalCreate(org.bukkit.event.entity.EntityCreatePortalEvent)", but the event is Deprecated. "Server performance will be affected"; please notify the authors [dumptruckman, Rigby, fernferret, lithium3141, main--].
[01:09:36] [Server thread/INFO]: [Multiverse-Core] §aWe are aware of the warning about the deprecated event. There is no alternative that allows us to do what we need to do and performance impact is negligible. It is safe to ignore.
[01:09:36] [Server thread/INFO]: [Multiverse-Core] 3 - World(s) loaded.
[01:09:36] [Server thread/WARN]: [Multiverse-Core] Buscript failed to load! The script command will be disabled! If you would like not to see this message, use `/mv conf enablebuscript false` to disable Buscript from loading.
[01:09:36] [Server thread/INFO]: [Multiverse-Core] Version 4.3.1-b861 (API v24) Enabled - By dumptruckman, Rigby, fernferret, lithium3141 and main--
[01:09:36] [Server thread/INFO]: [PluginManager] Enabling PluginManager v2.8.1
[01:09:36] [Server thread/INFO]: [NBTAPI] Enabling NBTAPI v2.14.1
[01:09:36] [Server thread/INFO]: [NBTAPI] Checking bindings...
[01:09:36] [Server thread/INFO]: [NBTAPI] All Classes were able to link!
[01:09:37] [Server thread/INFO]: [NBTAPI] All Methods were able to link!
[01:09:37] [Server thread/INFO]: [NBTAPI] Running NBT reflection test...
[01:09:38] [Server thread/INFO]: [NBTAPI] Success! This version of NBT-API is compatible with your server.
[01:09:38] [Server thread/INFO]: [spark] Starting background profiler...
[01:09:39] [Server thread/INFO]: [PlaceholderAPI] Placeholder expansion registration initializing...
[01:09:39] [Server thread/INFO]: Done preparing level "world" (5.833s)
[01:09:39] [Server thread/INFO]: Running delayed init tasks
[01:09:39] [Server thread/INFO]: Done (25.369s)! For help, type "help"
[01:09:39] [Server thread/INFO]: Timings Reset
[01:09:39] [Craft Scheduler Thread - 2 - ViaVersion/INFO]: [ViaVersion] Finished mapping loading, shutting down loader executor.
[01:09:39] [Server thread/INFO]: [PlaceholderAPI] Successfully registered external expansion: player [2.0.8]
[01:09:39] [Server thread/INFO]: [PlaceholderAPI] Successfully registered external expansion: luckperms [5.4-R2]
[01:09:39] [Server thread/INFO]: [PlaceholderAPI] Successfully registered external expansion: vault [1.8.3]
[01:09:39] [Server thread/INFO]: 3 placeholder hook(s) registered!
[01:09:39] [Craft Scheduler Thread - 5 - Vault/INFO]: [Vault] Checking for Updates ... 
[01:09:39] [Server thread/WARN]: [ViaVersion] There is a newer plugin version available: 5.2.1, you're on: 5.1.1
[01:09:39] [Craft Scheduler Thread - 5 - Vault/INFO]: [Vault] No new version available
[01:09:39] [Craft Scheduler Thread - 4 - PluginManager/INFO]: PM | You are using the latest version of PluginManager.
[01:09:39] [Craft Scheduler Thread - 0 - EterniumCore/INFO]: [EC] Checking Updates...
[01:09:39] [Craft Scheduler Thread - 0 - EterniumCore/INFO]: [EC] New update available: (3.3.0-b1). Download it at:
[01:09:39] [Craft Scheduler Thread - 0 - EterniumCore/INFO]: [EC] https://www.spigotmc.org/resources/eterniumcore.117120/
[01:10:03] [User Authenticator #0/INFO]: UUID of player Zxmass is d291d5fb-6dea-36bf-8069-02c73d9907f0
[01:10:06] [Server thread/INFO]: Zxmass[/127.235.62.135:47503] logged in with entity id 15 at ([world]95.69999998807907, 80.0, -195.5236851011572)
[01:10:11] [Server thread/INFO]: Zxmass issued server command: /gmc
[01:10:15] [Server thread/INFO]: Zxmass issued server command: /friend info
[01:10:19] [Server thread/INFO]: Zxmass issued server command: /friend list
[01:10:21] [Server thread/INFO]: Zxmass issued server command: /friend list friends 1
[01:11:15] [Server thread/INFO]: Zxmass issued server command: /ec reload
[01:11:15] [Server thread/INFO]: [EC] [●] Database disabled
[01:11:17] [Server thread/INFO]: Zxmass issued server command: /friend list
[01:11:18] [Server thread/INFO]: Zxmass issued server command: /friend list friends 1
[01:11:51] [Server thread/INFO]: Zxmass issued server command: /ec reload
[01:11:51] [Server thread/INFO]: [EC] [●] Database disabled
[01:11:57] [Server thread/INFO]: Zxmass issued server command: /friend list
[01:11:58] [Server thread/INFO]: Zxmass issued server command: /friend list friends 1
[01:14:05] [Server thread/INFO]: Zxmass issued server command: /ec reload
[01:14:05] [Server thread/INFO]: [EC] [●] Database disabled
[01:14:07] [Server thread/INFO]: Zxmass issued server command: /friend list
[01:14:09] [Server thread/INFO]: Zxmass issued server command: /friend list friends 1
